app/build/outputs/mapping/release/seeds.txt
org.neidhardt.dynamicsoundboard.DynamicSoundboardApplication
org.neidhardt.dynamicsoundboard.DynamicSoundboardApplication: DynamicSoundboardApplication()
org.neidhardt.dynamicsoundboard.R$anim: int abc_fade_in
org.neidhardt.dynamicsoundboard.R$anim: int abc_fade_out
org.neidhardt.dynamicsoundboard.R$anim: int abc_grow_fade_in_from_bottom
org.neidhardt.dynamicsoundboard.R$anim: int abc_popup_enter
org.neidhardt.dynamicsoundboard.R$anim: int abc_popup_exit
org.neidhardt.dynamicsoundboard.R$anim: int abc_shrink_fade_out_from_bottom
org.neidhardt.dynamicsoundboard.R$anim: int abc_slide_in_bottom
org.neidhardt.dynamicsoundboard.R$anim: int abc_slide_in_top
org.neidhardt.dynamicsoundboard.R$anim: int abc_slide_out_bottom
org.neidhardt.dynamicsoundboard.R$anim: int abc_slide_out_top
org.neidhardt.dynamicsoundboard.R$anim: int anim_nothing
org.neidhardt.dynamicsoundboard.R$anim: int anim_slide_in
org.neidhardt.dynamicsoundboard.R$anim: int anim_slide_out
org.neidhardt.dynamicsoundboard.R$attr: int actionBarDivider
org.neidhardt.dynamicsoundboard.R$attr: int actionBarItemBackground
org.neidhardt.dynamicsoundboard.R$attr: int actionBarPopupTheme
org.neidhardt.dynamicsoundboard.R$attr: int actionBarSize
org.neidhardt.dynamicsoundboard.R$attr: int actionBarSplitStyle
org.neidhardt.dynamicsoundboard.R$attr: int actionBarStyle
org.neidhardt.dynamicsoundboard.R$attr: int actionBarTabBarStyle
org.neidhardt.dynamicsoundboard.R$attr: int actionBarTabStyle
org.neidhardt.dynamicsoundboard.R$attr: int actionBarTabTextStyle
org.neidhardt.dynamicsoundboard.R$attr: int actionBarTheme
org.neidhardt.dynamicsoundboard.R$attr: int actionBarWidgetTheme
org.neidhardt.dynamicsoundboard.R$attr: int actionButtonStyle
org.neidhardt.dynamicsoundboard.R$attr: int actionDropDownStyle
org.neidhardt.dynamicsoundboard.R$attr: int actionLayout
org.neidhardt.dynamicsoundboard.R$attr: int actionMenuTextAppearance
org.neidhardt.dynamicsoundboard.R$attr: int actionMenuTextColor
org.neidhardt.dynamicsoundboard.R$attr: int actionModeBackground
org.neidhardt.dynamicsoundboard.R$attr: int actionModeCloseButtonStyle
org.neidhardt.dynamicsoundboard.R$attr: int actionModeCloseDrawable
org.neidhardt.dynamicsoundboard.R$attr: int actionModeCopyDrawable
org.neidhardt.dynamicsoundboard.R$attr: int actionModeCutDrawable
org.neidhardt.dynamicsoundboard.R$attr: int actionModeFindDrawable
org.neidhardt.dynamicsoundboard.R$attr: int actionModePasteDrawable
org.neidhardt.dynamicsoundboard.R$bool: int abc_action_bar_embed_tabs
org.neidhardt.dynamicsoundboard.R$bool: int abc_action_bar_embed_tabs_pre_jb
org.neidhardt.dynamicsoundboard.R$bool: int abc_action_bar_expanded_action_views_exclusive
org.neidhardt.dynamicsoundboard.R$bool: int abc_config_actionMenuItemAllCaps
org.neidhardt.dynamicsoundboard.R$bool: int abc_config_allowActionMenuItemTextWithIcon
org.neidhardt.dynamicsoundboard.R$bool: int abc_config_closeDialogWhenTouchOutside
org.neidhardt.dynamicsoundboard.R$bool: int abc_config_showMenuShortcutsWhenKeyboardPresent
org.neidhardt.dynamicsoundboard.R$bool: int spb_default_mirror_mode
org.neidhardt.dynamicsoundboard.R$bool: int spb_default_progressiveStart_activated
org.neidhardt.dynamicsoundboard.R$bool: int spb_default_reversed
...
com.fasterxml.jackson.annotation.JsonPropertyDescription
com.fasterxml.jackson.annotation.JsonPropertyDescription: java.lang.String value()
com.fasterxml.jackson.annotation.JsonPropertyOrder
com.fasterxml.jackson.annotation.JsonPropertyOrder: java.lang.String[] value()
com.fasterxml.jackson.annotation.JsonPropertyOrder: boolean alphabetic()
com.fasterxml.jackson.annotation.JsonRawValue
com.fasterxml.jackson.annotation.JsonRawValue: boolean value()
com.fasterxml.jackson.annotation.JsonRootName
com.fasterxml.jackson.annotation.JsonRootName: java.lang.String value()
com.fasterxml.jackson.annotation.JsonRootName: java.lang.String namespace()
com.fasterxml.jackson.annotation.JsonSetter
com.fasterxml.jackson.annotation.JsonSetter: java.lang.String value()
com.fasterxml.jackson.annotation.JsonSubTypes
com.fasterxml.jackson.annotation.JsonSubTypes: com.fasterxml.jackson.annotation.JsonSubTypes$Type[] value()
com.fasterxml.jackson.annotation.JsonSubTypes$Type
com.fasterxml.jackson.annotation.JsonSubTypes$Type: java.lang.Class value()
com.fasterxml.jackson.annotation.JsonSubTypes$Type: java.lang.String name()
com.fasterxml.jackson.annotation.JsonTypeId
com.fasterxml.jackson.annotation.JsonTypeInfo
com.fasterxml.jackson.annotation.JsonTypeInfo: com.fasterxml.jackson.annotation.JsonTypeInfo$Id use()
com.fasterxml.jackson.annotation.JsonTypeInfo: com.fasterxml.jackson.annotation.JsonTypeInfo$As include()
com.fasterxml.jackson.annotation.JsonTypeInfo: java.lang.String property()
com.fasterxml.jackson.annotation.JsonTypeInfo: java.lang.Class defaultImpl()
com.fasterxml.jackson.annotation.JsonTypeInfo: boolean visible()
com.fasterxml.jackson.annotation.JsonTypeInfo$As
com.fasterxml.jackson.annotation.JsonTypeInfo$As: com.fasterxml.jackson.annotation.JsonTypeInfo$As PROPERTY
com.fasterxml.jackson.annotation.JsonTypeInfo$As: com.fasterxml.jackson.annotation.JsonTypeInfo$As WRAPPER_OBJECT
com.fasterxml.jackson.annotation.JsonTypeInfo$As: com.fasterxml.jackson.annotation.JsonTypeInfo$As WRAPPER_ARRAY
com.fasterxml.jackson.annotation.JsonTypeInfo$As: com.fasterxml.jackson.annotation.JsonTypeInfo$As EXTERNAL_PROPERTY
com.fasterxml.jackson.annotation.JsonTypeInfo$As: com.fasterxml.jackson.annotation.JsonTypeInfo$As EXISTING_PROPERTY
com.fasterxml.jackson.annotation.JsonTypeInfo$As: com.fasterxml.jackson.annotation.JsonTypeInfo$As[] $VALUES
com.fasterxml.jackson.annotation.JsonTypeInfo$As: com.fasterxml.jackson.annotation.JsonTypeInfo$As[] values()
com.fasterxml.jackson.annotation.JsonTypeInfo$As: com.fasterxml.jackson.annotation.JsonTypeInfo$As valueOf(java.lang.String)
com.fasterxml.jackson.annotation.JsonTypeInfo$As: JsonTypeInfo$As(java.lang.String,int)
com.fasterxml.jackson.annotation.JsonTypeInfo$As: void <clinit>()