app/build/outputs/mapping/release/mapping.txt
org.neidhardt.dynamicsoundboard.ApplicationComponent -> org.neidhardt.dynamicsoundboard.a:
    void inject(org.neidhardt.dynamicsoundboard.notifications.service.NotificationService) -> a
    void inject(org.neidhardt.dynamicsoundboard.views.BaseDialog) -> a
    void inject(org.neidhardt.dynamicsoundboard.soundactivity.SoundActivity) -> a
    void inject(org.neidhardt.dynamicsoundboard.navigationdrawer.playlist.views.Playlist) -> a
    void inject(org.neidhardt.dynamicsoundboard.navigationdrawer.soundsheets.views.SoundSheets) -> a
    void inject(org.neidhardt.dynamicsoundboard.soundcontrol.SoundSheetFragment) -> a
    void inject(org.neidhardt.dynamicsoundboard.navigationdrawer.NavigationDrawerFragment) -> a
    void inject(org.neidhardt.dynamicsoundboard.soundcontrol.PauseSoundOnCallListener) -> a
    org.neidhardt.dynamicsoundboard.soundmanagement.model.SoundsDataAccess provideSoundsDataAccess() -> a
org.neidhardt.dynamicsoundboard.DaggerApplicationComponent -> org.neidhardt.dynamicsoundboard.b:
    javax.inject.Provider provideSoundsManagerProvider -> b
    javax.inject.Provider providesDataUtilProvider -> c
    javax.inject.Provider provideSoundsDataAccessProvider -> d
    javax.inject.Provider providesDataStorageProvider -> e
    dagger.MembersInjector notificationServiceMembersInjector -> f
    javax.inject.Provider provideSoundSheetsManagerProvider -> g
    javax.inject.Provider provideSoundSheetsDataAccessProvider -> h
    javax.inject.Provider provideSoundSheetsDataStorageProvider -> i
    javax.inject.Provider provideSoundSheetsDataUtilProvider -> j
    dagger.MembersInjector baseDialogMembersInjector -> k
    dagger.MembersInjector soundActivityMembersInjector -> l
    dagger.MembersInjector playlistMembersInjector -> m
    dagger.MembersInjector soundSheetsMembersInjector -> n
    dagger.MembersInjector soundSheetFragmentMembersInjector -> o
    dagger.MembersInjector navigationDrawerFragmentMembersInjector -> p
    boolean $assertionsDisabled -> a
    70:70:org.neidhardt.dynamicsoundboard.ApplicationComponent create() -> b
    93:94:void inject(org.neidhardt.dynamicsoundboard.notifications.service.NotificationService) -> a
    98:99:void inject(org.neidhardt.dynamicsoundboard.views.BaseDialog) -> a
    103:104:void inject(org.neidhardt.dynamicsoundboard.soundactivity.SoundActivity) -> a
org.neidhardt.dynamicsoundboard.DaggerApplicationComponent$Builder -> org.neidhardt.dynamicsoundboard.c:
    org.neidhardt.dynamicsoundboard.soundmanagement.dagger.SoundsDataModule soundsDataModule -> a
    org.neidhardt.dynamicsoundboard.soundsheetmanagement.dagger.SoundSheetsDataModule soundSheetsDataModule -> b
org.neidhardt.dynamicsoundboard.DynamicSoundboardApplication -> org.neidhardt.dynamicsoundboard.DynamicSoundboardApplication:
    java.util.Random random -> a
    android.content.Context applicationContext -> b
    org.neidhardt.dynamicsoundboard.ApplicationComponent applicationComponent -> c
    23:30:void onCreate() -> onCreate
    33:33:android.content.Context getSoundboardContext() -> a
    37:37:int getRandomNumber() -> b
    41:41:org.neidhardt.dynamicsoundboard.ApplicationComponent getApplicationComponent() -> c
org.neidhardt.dynamicsoundboard.R -> org.neidhardt.dynamicsoundboard.d:
...
android.support.v7.widget.LinearLayoutManager$AnchorInfo -> android.support.v7.widget.as:
    int mPosition -> a
    int mCoordinate -> b
    boolean mLayoutFromEnd -> c
    android.support.v7.widget.LinearLayoutManager this$0 -> d
    2094:2097:void assignCoordinateFromPadding() -> a
    2101:2101:java.lang.String toString() -> toString
    2162:2170:void assignFromView(android.view.View) -> a
android.support.v7.widget.LinearLayoutManager$LayoutChunkResult -> android.support.v7.widget.at:
    int mConsumed -> a
    boolean mFinished -> b
    boolean mIgnoreConsumed -> c
    boolean mFocusable -> d
android.support.v7.widget.LinearLayoutManager$LayoutState -> android.support.v7.widget.au:
    boolean mRecycle -> a
    int mOffset -> b
    int mAvailable -> c
    int mCurrentPosition -> d
    int mItemDirection -> e
    int mLayoutDirection -> f
    int mScrollingOffset -> g
    int mExtra -> h
    boolean mIsPreLayout -> i
    int mLastScrollDelta -> j
    java.util.List mScrapList -> k
    1979:1982:void assignPositionFromScrapList(android.support.v7.widget.RecyclerView$ViewHolder) -> a
android.support.v7.widget.LinearLayoutManager$SavedState -> android.support.v7.widget.LinearLayoutManager$SavedState:
    int mAnchorPosition -> a
    int mAnchorOffset -> b
    boolean mAnchorLayoutFromEnd -> c
    android.os.Parcelable$Creator CREATOR -> CREATOR
    2043:2043:boolean hasValidAnchor() -> a
    2052:2052:int describeContents() -> describeContents
    2057:2060:void writeToParcel(android.os.Parcel,int) -> writeToParcel
android.support.v7.widget.LinearLayoutManager$SavedState$1 -> android.support.v7.widget.av:
    2063:2063:java.lang.Object[] newArray(int) -> newArray
    2063:2063:java.lang.Object createFromParcel(android.os.Parcel) -> createFromParcel
android.support.v7.widget.ListPopupWindow -> android.support.v7.widget.aw:
    java.lang.reflect.Method sClipToWindowEnabledMethod -> a
    android.content.Context mContext -> i
    android.widget.PopupWindow mPopup -> b
    android.widget.ListAdapter mAdapter -> j
    android.support.v7.widget.ListPopupWindow$DropDownListView mDropDownList -> c
    int mDropDownHeight -> k
    int mDropDownWidth -> l
    int mDropDownHorizontalOffset -> m
    int mDropDownVerticalOffset -> n
    boolean mDropDownVerticalOffsetSet -> o
    int mDropDownGravity -> d
    boolean mDropDownAlwaysVisible -> p
    boolean mForceIgnoreOutsideTouch -> q
    int mListItemExpandMaximum -> e
    android.view.View mPromptView -> r
    int mPromptPosition -> f
    android.database.DataSetObserver mObserver -> s
    android.view.View mDropDownAnchorView -> g
    android.graphics.drawable.Drawable mDropDownListHighlight -> t
    android.widget.AdapterView$OnItemClickListener mItemClickListener -> h
    android.widget.AdapterView$OnItemSelectedListener mItemSelectedListener -> u
    android.support.v7.widget.ListPopupWindow$ResizePopupRunnable mResizePopupRunnable -> v
    android.support.v7.widget.ListPopupWindow$PopupTouchInterceptor mTouchInterceptor -> w
    android.support.v7.widget.ListPopupWindow$PopupScrollListener mScrollListener -> x
    android.support.v7.widget.ListPopupWindow$ListSelectorHider mHideSelector -> y
    java.lang.Runnable mShowDropDownRunnable -> z
android.support.v7.widget.ListPopupWindow$2 -> android.support.v7.widget.ax:
    android.support.v7.widget.ListPopupWindow this$0 -> a
    1063:1067:void run() -> run
android.support.v7.widget.ListPopupWindow$3 -> android.support.v7.widget.ay:
    android.support.v7.widget.ListPopupWindow this$0 -> a
    1082:1089:void onItemSelected(android.widget.AdapterView,android.view.View,int,long) -> onItemSelected
    1092:1092:void onNothingSelected(android.widget.AdapterView) -> onNothingSelected