app/build/outputs/mapping/release/usage.txt
org.neidhardt.dynamicsoundboard.BuildConfig
org.neidhardt.dynamicsoundboard.DaggerApplicationComponent$Builder:
    154:158:public org.neidhardt.dynamicsoundboard.DaggerApplicationComponent$Builder soundsDataModule(org.neidhardt.dynamicsoundboard.soundmanagement.dagger.SoundsDataModule)
    162:166:public org.neidhardt.dynamicsoundboard.DaggerApplicationComponent$Builder soundSheetsDataModule(org.neidhardt.dynamicsoundboard.soundsheetmanagement.dagger.SoundSheetsDataModule)
org.neidhardt.dynamicsoundboard.R:
    10:2843:public R()
org.neidhardt.dynamicsoundboard.R$anim
org.neidhardt.dynamicsoundboard.R$attr
org.neidhardt.dynamicsoundboard.R$bool
org.neidhardt.dynamicsoundboard.R$color
org.neidhardt.dynamicsoundboard.R$dimen
org.neidhardt.dynamicsoundboard.R$drawable
org.neidhardt.dynamicsoundboard.R$id:
    2069:2069:public R$id()
org.neidhardt.dynamicsoundboard.R$integer
org.neidhardt.dynamicsoundboard.R$layout:
    2293:2293:public R$layout()
org.neidhardt.dynamicsoundboard.R$menu
org.neidhardt.dynamicsoundboard.R$string:
    2385:2385:public R$string()
org.neidhardt.dynamicsoundboard.R$style
org.neidhardt.dynamicsoundboard.R$styleable:
    2843:2843:public R$styleable()
org.neidhardt.dynamicsoundboard.R$xml
org.neidhardt.dynamicsoundboard.SoundboardConfiguration
org.neidhardt.dynamicsoundboard.dao.DaoMaster:
    75:75:public org.neidhardt.dynamicsoundboard.dao.DaoSession newSession(de.greenrobot.dao.identityscope.IdentityScopeType)
    19:19:public bridge synthetic de.greenrobot.dao.AbstractDaoSession newSession(de.greenrobot.dao.identityscope.IdentityScopeType)
    19:19:public bridge synthetic de.greenrobot.dao.AbstractDaoSession newSession()
org.neidhardt.dynamicsoundboard.dao.DaoMaster$DevOpenHelper:
    52:53:public DaoMaster$DevOpenHelper(android.content.Context,java.lang.String,android.database.sqlite.SQLiteDatabase$CursorFactory)
org.neidhardt.dynamicsoundboard.dao.DaoSession:
    60:63:public void clear()
org.neidhardt.dynamicsoundboard.dao.MediaPlayerData:
    27:37:public MediaPlayerData(java.lang.Long)
    120:121:public void setTimePosition(java.lang.Long)
    133:133:public boolean wasAlteredAfterLoading()
org.neidhardt.dynamicsoundboard.dao.MediaPlayerDataDao:
    39:40:public MediaPlayerDataDao(de.greenrobot.dao.internal.DaoConfig)
    120:129:public void readEntity(android.database.Cursor,org.neidhardt.dynamicsoundboard.dao.MediaPlayerData,int)
    17:17:public bridge synthetic void readEntity(android.database.Cursor,java.lang.Object,int)
org.neidhardt.dynamicsoundboard.dao.SoundLayout:
    23:31:public SoundLayout(java.lang.Long)
org.neidhardt.dynamicsoundboard.dao.SoundLayoutDao:
    34:35:public SoundLayoutDao(de.greenrobot.dao.internal.DaoConfig)
    92:96:public void readEntity(android.database.Cursor,org.neidhardt.dynamicsoundboard.dao.SoundLayout,int)
    17:17:public bridge synthetic void readEntity(android.database.Cursor,java.lang.Object,int)
org.neidhardt.dynamicsoundboard.dao.SoundSheet:
    20:28:public SoundSheet(java.lang.Long)
org.neidhardt.dynamicsoundboard.dao.SoundSheetDao:
    34:35:public SoundSheetDao(de.greenrobot.dao.internal.DaoConfig)
    92:96:public void readEntity(android.database.Cursor,org.neidhardt.dynamicsoundboard.dao.SoundSheet,int)
    17:17:public bridge synthetic void readEntity(android.database.Cursor,java.lang.Object,int)
org.neidhardt.dynamicsoundboard.fileexplorer.AddNewSoundFromDirectory:
    private static final java.lang.String KEY_CALLING_FRAGMENT_TAG
org.neidhardt.dynamicsoundboard.mediaplayer.EnhancedMediaPlayer:
    private static final int FADE_OUT_DURATION
    private static final int INT_VOLUME_MAX
    private static final int INT_VOLUME_MIN
    private static final float FLOAT_VOLUME_MAX
    private static final float FLOAT_VOLUME_MIN
    46:72:public EnhancedMediaPlayer(android.content.Context,org.neidhardt.dynamicsoundboard.dao.MediaPlayerData)
org.neidhardt.dynamicsoundboard.mediaplayer.events.MediaPlayerEventListener
...
kotlin.KotlinPackage$_Sets$1263b2a0$distinct$2
kotlin.KotlinPackage$_Snapshots$7ffa5a4e
kotlin.KotlinPackage$_SpecialJVM$f0ce02e9
kotlin.KotlinPackage$_SpecialJVM$f0ce02e9$asList$1
kotlin.KotlinPackage$_SpecialJVM$f0ce02e9$asList$2
kotlin.KotlinPackage$_SpecialJVM$f0ce02e9$asList$3
kotlin.KotlinPackage$_SpecialJVM$f0ce02e9$asList$4
kotlin.KotlinPackage$_SpecialJVM$f0ce02e9$asList$5
kotlin.KotlinPackage$_SpecialJVM$f0ce02e9$asList$6
kotlin.KotlinPackage$_SpecialJVM$f0ce02e9$asList$7
kotlin.KotlinPackage$_SpecialJVM$f0ce02e9$asList$8
kotlin.KotlinPackage$_SpecialJVM$f0ce02e9$filterIsInstance$1
kotlin.KotlinPackage$_SpecialJVM$f0ce02e9$filterIsInstance$2
kotlin.KotlinPackage$_SpecialJVM$f0ce02e9$filterIsInstance$3
kotlin.KotlinPackage$_SpecialJVM$f0ce02e9$filterIsInstance$4
kotlin.KotlinPackage$_Strings$3c2faf9b
kotlin.KotlinPackage$sam$Callable$1a0297df
kotlin.KotlinPackage$sam$Runnable$f4b82974
kotlin.LongIterator
kotlin.LongProgression
kotlin.LongProgressionIterator
kotlin.LongRange
kotlin.LongRange$Companion
kotlin.MapIterator
kotlin.MergingSequence
kotlin.MergingSequence$iterator$1
kotlin.MergingStream
kotlin.MultiSequence
kotlin.MultiSequence$iterator$1
kotlin.Multistream
kotlin.Multistream$1
kotlin.NoWhenBranchMatchedException
kotlin.Pair
kotlin.PairIterator
kotlin.Progression
kotlin.Progression$$TImpl
kotlin.PropertyMetadata
kotlin.PropertyMetadata$$TImpl
kotlin.PropertyMetadataImpl
kotlin.Range
kotlin.Range$$TImpl
kotlin.ReplaceWith
kotlin.Sequence
kotlin.Sequence$$TImpl
kotlin.ShortIterator
kotlin.ShortProgression
kotlin.ShortProgressionIterator
kotlin.ShortRange
kotlin.ShortRange$Companion
kotlin.SingleIterator
kotlin.SkippingIterator
kotlin.Stream
kotlin.Stream$$TImpl
kotlin.TakeSequence
kotlin.TakeSequence$iterator$1
kotlin.TakeStream
kotlin.TakeWhileIterator
kotlin.TakeWhileSequence
kotlin.TakeWhileSequence$iterator$1
kotlin.TakeWhileStream
kotlin.TransformingIndexedSequence
kotlin.TransformingIndexedSequence$iterator$1
kotlin.TransformingIndexedStream
kotlin.TransformingSequence
kotlin.TransformingSequence$iterator$1
kotlin.TransformingStream
kotlin.Triple
kotlin.Typography
kotlin.Unit
kotlin._Assertions
kotlin.browser.BrowserPackage
kotlin.browser.BrowserPackage$Properties$22872ec8
kotlin.concurrent.ConcurrentPackage
kotlin.concurrent.ConcurrentPackage$Locks$7f2ab632
kotlin.concurrent.ConcurrentPackage$Thread$3f81b26a
kotlin.concurrent.ConcurrentPackage$Thread$3f81b26a$thread$thread$1
kotlin.concurrent.ConcurrentPackage$Timer$918a2e75
kotlin.concurrent.ConcurrentPackage$Timer$918a2e75$timerTask$1
kotlin.concurrent.ConcurrentPackage$sam$Callable$a97a1065
kotlin.concurrent.ConcurrentPackage$sam$Runnable$e7b0ff47
kotlin.concurrent.FunctionalList
kotlin.concurrent.FunctionalList$Companion
kotlin.concurrent.FunctionalList$Empty
kotlin.concurrent.FunctionalList$Standard
kotlin.concurrent.FunctionalList$iterator$1
kotlin.concurrent.FunctionalQueue
kotlin.data
kotlin.deprecated
kotlin.dom.CloseableEventListener
kotlin.dom.DomPackage
kotlin.dom.DomPackage$Dom$87d19e77
kotlin.dom.DomPackage$DomEvents$c84ad29e
kotlin.dom.DomPackage$DomEvents$c84ad29e$mouseEventHandler$1
kotlin.dom.DomPackage$DomEventsJVM$69c2840f
kotlin.dom.DomPackage$DomJVM$91267d96
kotlin.dom.ElementListAsList
kotlin.dom.EventListenerHandler
kotlin.dom.NextSiblings
kotlin.dom.NextSiblings$iterator$1
kotlin.dom.NodeListAsList
kotlin.dom.PreviousSiblings
kotlin.dom.PreviousSiblings$iterator$1
kotlin.extension
kotlin.inline
kotlin.inlineOptions
kotlin.internal.InternalPackage
kotlin.internal.InternalPackage$progressionUtil$8bbf928a
kotlin.io.AccessDeniedException
kotlin.io.FileAlreadyExistsException
kotlin.io.FilePathComponents
kotlin.io.FileSystemException
kotlin.io.FileTreeWalk
kotlin.io.FileTreeWalk$1
kotlin.io.FileTreeWalk$2
kotlin.io.FileTreeWalk$3
kotlin.io.FileTreeWalk$4
kotlin.io.FileTreeWalk$BottomUpDirectoryState
kotlin.io.FileTreeWalk$DirectoryState
kotlin.io.FileTreeWalk$TopDownDirectoryState
kotlin.io.FileTreeWalk$WhenMappings